<?xml version="1.0" encoding="UTF-8"?>
<!-- Generated by org.testng.reporters.JUnitReportReporter -->
<testsuite hostname="LAPTOP-CML1RU84" failures="0" tests="1" name="com.testautomation.MyAutomation.Guru99Registration" time="0.006" errors="0" timestamp="2021-11-02T15:33:40 IST" skipped="0">
  <testcase classname="com.testautomation.MyAutomation.Guru99Registration" name="Loign1" time="0.006"/>
  <system-out/>
</testsuite> <!-- com.testautomation.MyAutomation.Guru99Registration -->
